<?xml version="1.0" encoding="UTF-8"?>
<!-- Generated by org.testng.reporters.JUnitXMLReporter -->
<testsuite hostname="VARSHA" ignored="0" name="Default test" tests="3" failures="0" timestamp="2020-08-18T08:36:27 PDT" time="3.574" errors="0">
  <testcase name="getBlueTesla" time="1.801" classname="stubMapping.stub1"/>
  <testcase name="lowestRentalPerDay" time="0.759" classname="stubMapping.stub1"/>
  <testcase name="highestProfitGeneratingCar" time="0.979" classname="stubMapping.stub1"/>
</testsuite> <!-- Default test -->
