<?xml version="1.0" encoding="UTF-8"?>
<!-- Generated by org.testng.reporters.JUnitXMLReporter -->
<testsuite hostname="VARSHA" ignored="0" name="Test" tests="3" failures="0" timestamp="2020-08-18T11:42:14 PDT" time="4.153" errors="0">
  <testcase name="getBlueTesla" time="2.374" classname="stubMapping.stub1"/>
  <testcase name="lowestRentalPerDay" time="0.898" classname="stubMapping.stub1"/>
  <testcase name="highestProfitGeneratingCar" time="0.838" classname="stubMapping.stub1"/>
</testsuite> <!-- Test -->
