<?xml version="1.0" encoding="UTF-8"?>
<testng-results skipped="0" failed="0" ignored="0" total="3" passed="3">
  <reporter-output>
  </reporter-output>
  <suite name="Suite" duration-ms="4153" started-at="2020-08-18T11:42:10 PDT" finished-at="2020-08-18T11:42:14 PDT">
    <groups>
    </groups>
    <test name="Test" duration-ms="4153" started-at="2020-08-18T11:42:10 PDT" finished-at="2020-08-18T11:42:14 PDT">
      <class name="stubMapping.stub1">
        <test-method status="PASS" signature="startServer()[pri:0, instance:stubMapping.stub1@54e1c68b]" name="startServer" is-config="true" duration-ms="845" started-at="2020-08-18T11:42:09 PDT" finished-at="2020-08-18T11:42:10 PDT">
          <reporter-output>
          </reporter-output>
        </test-method> <!-- startServer -->
        <test-method status="PASS" signature="getBlueTesla()[pri:0, instance:stubMapping.stub1@54e1c68b]" name="getBlueTesla" duration-ms="2374" started-at="2020-08-18T11:42:10 PDT" finished-at="2020-08-18T11:42:12 PDT">
          <reporter-output>
          </reporter-output>
        </test-method> <!-- getBlueTesla -->
        <test-method status="PASS" signature="lowestRentalPerDay()[pri:1, instance:stubMapping.stub1@54e1c68b]" name="lowestRentalPerDay" duration-ms="898" started-at="2020-08-18T11:42:12 PDT" finished-at="2020-08-18T11:42:13 PDT">
          <reporter-output>
          </reporter-output>
        </test-method> <!-- lowestRentalPerDay -->
        <test-method status="PASS" signature="highestProfitGeneratingCar()[pri:2, instance:stubMapping.stub1@54e1c68b]" name="highestProfitGeneratingCar" duration-ms="838" started-at="2020-08-18T11:42:13 PDT" finished-at="2020-08-18T11:42:14 PDT">
          <reporter-output>
          </reporter-output>
        </test-method> <!-- highestProfitGeneratingCar -->
        <test-method status="PASS" signature="stopServer()[pri:0, instance:stubMapping.stub1@54e1c68b]" name="stopServer" is-config="true" duration-ms="16" started-at="2020-08-18T11:42:14 PDT" finished-at="2020-08-18T11:42:14 PDT">
          <reporter-output>
          </reporter-output>
        </test-method> <!-- stopServer -->
      </class> <!-- stubMapping.stub1 -->
    </test> <!-- Test -->
  </suite> <!-- Suite -->
</testng-results>
